This is pdfTeX, Version 3.14159265-2.6-1.40.19 (TeX Live 2018) (preloaded format=pdflatex 2019.2.9)  26 MAR 2020 00:04
entering extended mode
 restricted \write18 enabled.
 file:line:error style messages enabled.
 %&-line parsing enabled.
**simpleConference.sty
(./simpleConference.sty
LaTeX2e <2018-04-01> patch level 2
Babel <3.18> and hyphenation patterns for 22 language(s) loaded.
./simpleConference.sty:21: Font \tenhv=phvb at 10.0pt not loadable: Metric (TFM
) file not found.
l.21 \font\tenhv  = phvb at 10pt
                                
? 
./simpleConference.sty:21: Emergency stop.
l.21 \font\tenhv  = phvb at 10pt
                                
End of file on the terminal!

 
Here is how much of TeX's memory you used:
 8 strings out of 494091
 176 string characters out of 6163524
 52707 words of memory out of 5000000
 3781 multiletter control sequences out of 15000+600000
 3640 words of font info for 14 fonts, out of 8000000 for 9000
 319 hyphenation exceptions out of 8191
 5i,0n,1p,89b,8s stack positions out of 5000i,500n,10000p,200000b,80000s
./simpleConference.sty:21:  ==> Fatal error occurred, no output PDF file produc
ed!
